# JRE version: Java(TM) SE Runtime Environment (8.0_112-b15) (build 1.8.0_112-b15)
# Java VM: Java HotSpot(TM) 64-Bit Server VM (25.112-b15 mixed mode windows-amd64 compressed oops)
Heap:
 PSYoungGen      total 53760K, used 9929K [0x00000007bc400000, 0x00000007c0000000, 0x00000007c0000000)
  eden space 46080K, 21% used [0x00000007bc400000,0x00000007bcdb2738,0x00000007bf100000)
  from space 7680K, 0% used [0x00000007bf100000,0x00000007bf100000,0x00000007bf880000)
  to   space 7680K, 0% used [0x00000007bf880000,0x00000007bf880000,0x00000007c0000000)
 ParOldGen       total 156160K, used 52903K [0x0000000700000000, 0x0000000709880000, 0x00000007bc400000)
  object space 156160K, 33% used [0x0000000700000000,0x00000007033a9da0,0x0000000709880000)
 Metaspace       used 66050K, capacity 66679K, committed 67456K, reserved 1107968K
  class space    used 9100K, capacity 9229K, committed 9344K, reserved 1048576K
GC Heap History (10 events):
Event: 295.344 GC heap before
{Heap before GC invocations=59 (full 9):
 PSYoungGen      total 52224K, used 47138K [0x00000007bc400000, 0x00000007c0000000, 0x00000007c0000000)
  eden space 43520K, 100% used [0x00000007bc400000,0x00000007bee80000,0x00000007bee80000)
  from space 8704K, 41% used [0x00000007bee80000,0x00000007bf2089f8,0x00000007bf700000)
  to   space 8704K, 0% used [0x00000007bf780000,0x00000007bf780000,0x00000007c0000000)
 ParOldGen       total 156160K, used 49241K [0x0000000700000000, 0x0000000709880000, 0x00000007bc400000)
  object space 156160K, 31% used [0x0000000700000000,0x00000007030164a8,0x0000000709880000)
 Metaspace       used 65817K, capacity 66465K, committed 67200K, reserved 1107968K
  class space    used 9086K, capacity 9226K, committed 9344K, reserved 1048576K
Event: 295.350 GC heap after
Heap after GC invocations=59 (full 9):
 PSYoungGen      total 53248K, used 3719K [0x00000007bc400000, 0x00000007c0000000, 0x00000007c0000000)
  eden space 44544K, 0% used [0x00000007bc400000,0x00000007bc400000,0x00000007bef80000)
  from space 8704K, 42% used [0x00000007bf780000,0x00000007bfb21d70,0x00000007c0000000)
  to   space 8192K, 0% used [0x00000007bef80000,0x00000007bef80000,0x00000007bf780000)
 ParOldGen       total 156160K, used 49241K [0x0000000700000000, 0x0000000709880000, 0x00000007bc400000)
  object space 156160K, 31% used [0x0000000700000000,0x00000007030164a8,0x0000000709880000)
 Metaspace       used 65817K, capacity 66465K, committed 67200K, reserved 1107968K
  class space    used 9086K, capacity 9226K, committed 9344K, reserved 1048576K
}
Event: 295.831 GC heap before
{Heap before GC invocations=60 (full 9):
 PSYoungGen      total 53248K, used 48263K [0x00000007bc400000, 0x00000007c0000000, 0x00000007c0000000)
  eden space 44544K, 100% used [0x00000007bc400000,0x00000007bef80000,0x00000007bef80000)
  from space 8704K, 42% used [0x00000007bf780000,0x00000007bfb21d70,0x00000007c0000000)
  to   space 8192K, 0% used [0x00000007bef80000,0x00000007bef80000,0x00000007bf780000)
 ParOldGen       total 156160K, used 49241K [0x0000000700000000, 0x0000000709880000, 0x00000007bc400000)
  object space 156160K, 31% used [0x0000000700000000,0x00000007030164a8,0x0000000709880000)
 Metaspace       used 65931K, capacity 66529K, committed 67200K, reserved 1107968K
  class space    used 9094K, capacity 9226K, committed 9344K, reserved 1048576K
Event: 295.836 GC heap after
Heap after GC invocations=60 (full 9):
 PSYoungGen      total 52736K, used 3356K [0x00000007bc400000, 0x00000007c0000000, 0x00000007c0000000)
  eden space 44544K, 0% used [0x00000007bc400000,0x00000007bc400000,0x00000007bef80000)
  from space 8192K, 40% used [0x00000007bef80000,0x00000007bf2c72f8,0x00000007bf780000)
  to   space 7680K, 0% used [0x00000007bf880000,0x00000007bf880000,0x00000007c0000000)
 ParOldGen       total 156160K, used 49241K [0x0000000700000000, 0x0000000709880000, 0x00000007bc400000)
  object space 156160K, 31% used [0x0000000700000000,0x00000007030164a8,0x0000000709880000)
 Metaspace       used 65931K, capacity 66529K, committed 67200K, reserved 1107968K
  class space    used 9094K, capacity 9226K, committed 9344K, reserved 1048576K
}
Event: 298.379 GC heap before
{Heap before GC invocations=61 (full 9):
 PSYoungGen      total 52736K, used 47900K [0x00000007bc400000, 0x00000007c0000000, 0x00000007c0000000)
  eden space 44544K, 100% used [0x00000007bc400000,0x00000007bef80000,0x00000007bef80000)
  from space 8192K, 40% used [0x00000007bef80000,0x00000007bf2c72f8,0x00000007bf780000)
  to   space 7680K, 0% used [0x00000007bf880000,0x00000007bf880000,0x00000007c0000000)
 ParOldGen       total 156160K, used 49241K [0x0000000700000000, 0x0000000709880000, 0x00000007bc400000)
  object space 156160K, 31% used [0x0000000700000000,0x00000007030164a8,0x0000000709880000)
 Metaspace       used 66012K, capacity 66593K, committed 67200K, reserved 1107968K
  class space    used 9095K, capacity 9226K, committed 9344K, reserved 1048576K
Event: 298.384 GC heap after
Heap after GC invocations=61 (full 9):
 PSYoungGen      total 53760K, used 2335K [0x00000007bc400000, 0x00000007c0000000, 0x00000007c0000000)
  eden space 46080K, 0% used [0x00000007bc400000,0x00000007bc400000,0x00000007bf100000)
  from space 7680K, 30% used [0x00000007bf880000,0x00000007bfac7e00,0x00000007c0000000)
  to   space 7680K, 0% used [0x00000007bf100000,0x00000007bf100000,0x00000007bf880000)
 ParOldGen       total 156160K, used 50389K [0x0000000700000000, 0x0000000709880000, 0x00000007bc400000)
  object space 156160K, 32% used [0x0000000700000000,0x0000000703135720,0x0000000709880000)
 Metaspace       used 66012K, capacity 66593K, committed 67200K, reserved 1107968K
  class space    used 9095K, capacity 9226K, committed 9344K, reserved 1048576K
}
Event: 298.499 GC heap before
{Heap before GC invocations=62 (full 9):
 PSYoungGen      total 53760K, used 17158K [0x00000007bc400000, 0x00000007c0000000, 0x00000007c0000000)
  eden space 46080K, 32% used [0x00000007bc400000,0x00000007bd279ab8,0x00000007bf100000)
  from space 7680K, 30% used [0x00000007bf880000,0x00000007bfac7e00,0x00000007c0000000)
  to   space 7680K, 0% used [0x00000007bf100000,0x00000007bf100000,0x00000007bf880000)
 ParOldGen       total 156160K, used 50389K [0x0000000700000000, 0x0000000709880000, 0x00000007bc400000)
  object space 156160K, 32% used [0x0000000700000000,0x0000000703135720,0x0000000709880000)
 Metaspace       used 66029K, capacity 66663K, committed 67200K, reserved 1107968K
  class space    used 9097K, capacity 9227K, committed 9344K, reserved 1048576K
Event: 298.503 GC heap after
Heap after GC invocations=62 (full 9):
 PSYoungGen      total 53760K, used 4441K [0x00000007bc400000, 0x00000007c0000000, 0x00000007c0000000)
  eden space 46080K, 0% used [0x00000007bc400000,0x00000007bc400000,0x00000007bf100000)
  from space 7680K, 57% used [0x00000007bf100000,0x00000007bf5564b0,0x00000007bf880000)
  to   space 7680K, 0% used [0x00000007bf880000,0x00000007bf880000,0x00000007c0000000)
 ParOldGen       total 156160K, used 51184K [0x0000000700000000, 0x0000000709880000, 0x00000007bc400000)
  object space 156160K, 32% used [0x0000000700000000,0x00000007031fc3c8,0x0000000709880000)
 Metaspace       used 66029K, capacity 66663K, committed 67200K, reserved 1107968K
  class space    used 9097K, capacity 9227K, committed 9344K, reserved 1048576K
}
Event: 298.503 GC heap before
{Heap before GC invocations=63 (full 10):
 PSYoungGen      total 53760K, used 4441K [0x00000007bc400000, 0x00000007c0000000, 0x00000007c0000000)
  eden space 46080K, 0% used [0x00000007bc400000,0x00000007bc400000,0x00000007bf100000)
  from space 7680K, 57% used [0x00000007bf100000,0x00000007bf5564b0,0x00000007bf880000)
  to   space 7680K, 0% used [0x00000007bf880000,0x00000007bf880000,0x00000007c0000000)
 ParOldGen       total 156160K, used 51184K [0x0000000700000000, 0x0000000709880000, 0x00000007bc400000)
  object space 156160K, 32% used [0x0000000700000000,0x00000007031fc3c8,0x0000000709880000)
 Metaspace       used 66029K, capacity 66663K, committed 67200K, reserved 1107968K
  class space    used 9097K, capacity 9227K, committed 9344K, reserved 1048576K
Event: 298.783 GC heap after
Heap after GC invocations=63 (full 10):
 PSYoungGen      total 53760K, used 0K [0x00000007bc400000, 0x00000007c0000000, 0x00000007c0000000)
  eden space 46080K, 0% used [0x00000007bc400000,0x00000007bc400000,0x00000007bf100000)
  from space 7680K, 0% used [0x00000007bf100000,0x00000007bf100000,0x00000007bf880000)
  to   space 7680K, 0% used [0x00000007bf880000,0x00000007bf880000,0x00000007c0000000)
 ParOldGen       total 156160K, used 52903K [0x0000000700000000, 0x0000000709880000, 0x00000007bc400000)
  object space 156160K, 33% used [0x0000000700000000,0x00000007033a9da0,0x0000000709880000)
 Metaspace       used 66029K, capacity 66663K, committed 67200K, reserved 1107968K
  class space    used 9097K, capacity 9227K, committed 9344K, reserved 1048576K
}

